2026-01-05 17:05:49,064 - __main__ - INFO - Initializing RAG pipeline...
2026-01-05 17:05:49,067 - sentence_transformers.SentenceTransformer - INFO - Use pytorch device_name: cpu
2026-01-05 17:05:49,067 - sentence_transformers.SentenceTransformer - INFO - Load pretrained SentenceTransformer: all-MiniLM-L6-v2
2026-01-05 17:05:51,880 - generator - INFO - Loading mistralai/Mistral-7B-Instruct-v0.1...
2026-01-05 17:06:02,090 - accelerate.big_modeling - WARNING - Some parameters are on the meta device because they were offloaded to the disk and cpu.
2026-01-05 17:06:02,092 - generator - INFO - Model loaded successfully
2026-01-05 17:06:02,099 - __main__ - INFO - Running evaluation on 10 questions...
2026-01-05 17:06:08,140 - evaluation.RAGEvaluator - ERROR - Error processing question: What are the most common issues with credit cards?... - 'Generator' object has no attribute 'generate_response'
Traceback (most recent call last):
  File "d:\KAIM\weak-7\An-intelligent-complaint-analysis-chatbot\rag\evaluation.py", line 25, in evaluate_single
    response = self.rag.query(question)
               ^^^^^^^^^^^^^^^^^^^^^^^^
  File "d:\KAIM\weak-7\An-intelligent-complaint-analysis-chatbot\rag\rag_pipeline.py", line 17, in query
    response = self.generator.generate_response(question, context)
               ^^^^^^^^^^^^^^^^^^^^^^^^^^^^^^^^
AttributeError: 'Generator' object has no attribute 'generate_response'
2026-01-05 17:06:08,191 - evaluation.RAGEvaluator - ERROR - Error processing question: How do customers typically report unauthorized tra... - 'Generator' object has no attribute 'generate_response'
Traceback (most recent call last):
  File "d:\KAIM\weak-7\An-intelligent-complaint-analysis-chatbot\rag\evaluation.py", line 25, in evaluate_single
    response = self.rag.query(question)
               ^^^^^^^^^^^^^^^^^^^^^^^^
  File "d:\KAIM\weak-7\An-intelligent-complaint-analysis-chatbot\rag\rag_pipeline.py", line 17, in query
    response = self.generator.generate_response(question, context)
               ^^^^^^^^^^^^^^^^^^^^^^^^^^^^^^^^
AttributeError: 'Generator' object has no attribute 'generate_response'
2026-01-05 17:06:08,226 - evaluation.RAGEvaluator - ERROR - Error processing question: What are customers saying about late payment fees?... - 'Generator' object has no attribute 'generate_response'
Traceback (most recent call last):
  File "d:\KAIM\weak-7\An-intelligent-complaint-analysis-chatbot\rag\evaluation.py", line 25, in evaluate_single
    response = self.rag.query(question)
               ^^^^^^^^^^^^^^^^^^^^^^^^
  File "d:\KAIM\weak-7\An-intelligent-complaint-analysis-chatbot\rag\rag_pipeline.py", line 17, in query
    response = self.generator.generate_response(question, context)
               ^^^^^^^^^^^^^^^^^^^^^^^^^^^^^^^^
AttributeError: 'Generator' object has no attribute 'generate_response'
2026-01-05 17:06:08,257 - evaluation.RAGEvaluator - ERROR - Error processing question: How do customers describe their experiences with c... - 'Generator' object has no attribute 'generate_response'
Traceback (most recent call last):
  File "d:\KAIM\weak-7\An-intelligent-complaint-analysis-chatbot\rag\evaluation.py", line 25, in evaluate_single
    response = self.rag.query(question)
               ^^^^^^^^^^^^^^^^^^^^^^^^
  File "d:\KAIM\weak-7\An-intelligent-complaint-analysis-chatbot\rag\rag_pipeline.py", line 17, in query
    response = self.generator.generate_response(question, context)
               ^^^^^^^^^^^^^^^^^^^^^^^^^^^^^^^^
AttributeError: 'Generator' object has no attribute 'generate_response'
2026-01-05 17:06:08,286 - evaluation.RAGEvaluator - ERROR - Error processing question: What issues do customers face with credit score re... - 'Generator' object has no attribute 'generate_response'
Traceback (most recent call last):
  File "d:\KAIM\weak-7\An-intelligent-complaint-analysis-chatbot\rag\evaluation.py", line 25, in evaluate_single
    response = self.rag.query(question)
               ^^^^^^^^^^^^^^^^^^^^^^^^
  File "d:\KAIM\weak-7\An-intelligent-complaint-analysis-chatbot\rag\rag_pipeline.py", line 17, in query
    response = self.generator.generate_response(question, context)
               ^^^^^^^^^^^^^^^^^^^^^^^^^^^^^^^^
AttributeError: 'Generator' object has no attribute 'generate_response'
2026-01-05 17:06:08,315 - evaluation.RAGEvaluator - ERROR - Error processing question: How do customers report problems with their credit... - 'Generator' object has no attribute 'generate_response'
Traceback (most recent call last):
  File "d:\KAIM\weak-7\An-intelligent-complaint-analysis-chatbot\rag\evaluation.py", line 25, in evaluate_single
    response = self.rag.query(question)
               ^^^^^^^^^^^^^^^^^^^^^^^^
  File "d:\KAIM\weak-7\An-intelligent-complaint-analysis-chatbot\rag\rag_pipeline.py", line 17, in query
    response = self.generator.generate_response(question, context)
               ^^^^^^^^^^^^^^^^^^^^^^^^^^^^^^^^
AttributeError: 'Generator' object has no attribute 'generate_response'
2026-01-05 17:06:08,339 - evaluation.RAGEvaluator - ERROR - Error processing question: What are common complaints about mobile banking ap... - 'Generator' object has no attribute 'generate_response'
Traceback (most recent call last):
  File "d:\KAIM\weak-7\An-intelligent-complaint-analysis-chatbot\rag\evaluation.py", line 25, in evaluate_single
    response = self.rag.query(question)
               ^^^^^^^^^^^^^^^^^^^^^^^^
  File "d:\KAIM\weak-7\An-intelligent-complaint-analysis-chatbot\rag\rag_pipeline.py", line 17, in query
    response = self.generator.generate_response(question, context)
               ^^^^^^^^^^^^^^^^^^^^^^^^^^^^^^^^
AttributeError: 'Generator' object has no attribute 'generate_response'
2026-01-05 17:06:08,366 - evaluation.RAGEvaluator - ERROR - Error processing question: How do customers describe issues with identity the... - 'Generator' object has no attribute 'generate_response'
Traceback (most recent call last):
  File "d:\KAIM\weak-7\An-intelligent-complaint-analysis-chatbot\rag\evaluation.py", line 25, in evaluate_single
    response = self.rag.query(question)
               ^^^^^^^^^^^^^^^^^^^^^^^^
  File "d:\KAIM\weak-7\An-intelligent-complaint-analysis-chatbot\rag\rag_pipeline.py", line 17, in query
    response = self.generator.generate_response(question, context)
               ^^^^^^^^^^^^^^^^^^^^^^^^^^^^^^^^
AttributeError: 'Generator' object has no attribute 'generate_response'
2026-01-05 17:06:08,387 - evaluation.RAGEvaluator - ERROR - Error processing question: What are the main concerns about loan servicing?... - 'Generator' object has no attribute 'generate_response'
Traceback (most recent call last):
  File "d:\KAIM\weak-7\An-intelligent-complaint-analysis-chatbot\rag\evaluation.py", line 25, in evaluate_single
    response = self.rag.query(question)
               ^^^^^^^^^^^^^^^^^^^^^^^^
  File "d:\KAIM\weak-7\An-intelligent-complaint-analysis-chatbot\rag\rag_pipeline.py", line 17, in query
    response = self.generator.generate_response(question, context)
               ^^^^^^^^^^^^^^^^^^^^^^^^^^^^^^^^
AttributeError: 'Generator' object has no attribute 'generate_response'
2026-01-05 17:06:08,414 - evaluation.RAGEvaluator - ERROR - Error processing question: How do customers report problems with payment proc... - 'Generator' object has no attribute 'generate_response'
Traceback (most recent call last):
  File "d:\KAIM\weak-7\An-intelligent-complaint-analysis-chatbot\rag\evaluation.py", line 25, in evaluate_single
    response = self.rag.query(question)
               ^^^^^^^^^^^^^^^^^^^^^^^^
  File "d:\KAIM\weak-7\An-intelligent-complaint-analysis-chatbot\rag\rag_pipeline.py", line 17, in query
    response = self.generator.generate_response(question, context)
               ^^^^^^^^^^^^^^^^^^^^^^^^^^^^^^^^
AttributeError: 'Generator' object has no attribute 'generate_response'
2026-01-05 17:06:08,495 - evaluation - INFO - Successfully saved evaluation results to evaluation_results.md
2026-01-05 17:06:08,495 - __main__ - INFO - 
Evaluation complete! Results saved to evaluation_results.md
2026-01-05 17:06:08,495 - __main__ - INFO - 
Sample of evaluation results:
2026-01-05 17:48:56,303 - __main__ - INFO - Initializing RAG pipeline...
2026-01-05 17:48:56,306 - sentence_transformers.SentenceTransformer - INFO - Use pytorch device_name: cpu
2026-01-05 17:48:56,306 - sentence_transformers.SentenceTransformer - INFO - Load pretrained SentenceTransformer: all-MiniLM-L6-v2
2026-01-05 17:48:59,017 - generator - INFO - Loading mistralai/Mistral-7B-Instruct-v0.1...
2026-01-05 17:49:09,557 - accelerate.big_modeling - WARNING - Some parameters are on the meta device because they were offloaded to the disk and cpu.
2026-01-05 17:49:09,562 - generator - INFO - Model loaded successfully
2026-01-05 17:49:09,562 - __main__ - INFO - Running evaluation on 10 questions...
2026-01-05 19:08:57,737 - __main__ - INFO - Initializing RAG pipeline...
2026-01-05 19:08:57,739 - sentence_transformers.SentenceTransformer - INFO - Use pytorch device_name: cpu
2026-01-05 19:08:57,739 - sentence_transformers.SentenceTransformer - INFO - Load pretrained SentenceTransformer: all-MiniLM-L6-v2
2026-01-05 19:09:01,906 - generator - INFO - Using device: cpu
2026-01-05 19:09:01,907 - generator - INFO - Loading mistralai/Mistral-7B-Instruct-v0.1...
2026-01-05 19:09:17,301 - accelerate.big_modeling - WARNING - Some parameters are on the meta device because they were offloaded to the cpu and disk.
2026-01-05 19:09:17,308 - generator - INFO - Successfully loaded mistralai/Mistral-7B-Instruct-v0.1
2026-01-05 19:09:17,308 - __main__ - INFO - 
Processing question 1/3: What are the most common issues with credit cards?...
2026-01-05 19:09:17,310 - __main__ - ERROR - Error evaluating question: What are the most common issues with credit cards?... - module 'signal' has no attribute 'SIGALRM'
2026-01-05 19:09:17,343 - evaluation - INFO - Successfully saved evaluation results to evaluation_partial.md
2026-01-05 19:09:17,343 - __main__ - INFO - Progress saved. Processed 1/3 questions.
2026-01-05 19:09:17,343 - __main__ - INFO - 
Processing question 2/3: How do customers typically report unauthorized tra...
2026-01-05 19:09:17,343 - __main__ - ERROR - Error evaluating question: How do customers typically report unauthorized tra... - module 'signal' has no attribute 'SIGALRM'
2026-01-05 19:09:17,343 - evaluation - INFO - Successfully saved evaluation results to evaluation_partial.md
2026-01-05 19:09:17,343 - __main__ - INFO - Progress saved. Processed 2/3 questions.
2026-01-05 19:09:17,343 - __main__ - INFO - 
Processing question 3/3: What are customers saying about late payment fees?...
2026-01-05 19:09:17,343 - __main__ - ERROR - Error evaluating question: What are customers saying about late payment fees?... - module 'signal' has no attribute 'SIGALRM'
2026-01-05 19:09:17,343 - evaluation - INFO - Successfully saved evaluation results to evaluation_partial.md
2026-01-05 19:09:17,343 - __main__ - INFO - Progress saved. Processed 3/3 questions.
2026-01-05 19:09:17,350 - evaluation - INFO - Successfully saved evaluation results to evaluation_results.md
2026-01-05 19:09:17,350 - __main__ - INFO - 
Evaluation complete! Results saved to evaluation_results.md
2026-01-05 19:09:17,350 - __main__ - INFO - 
Sample of evaluation results:
2026-01-05 19:09:17,379 - __main__ - INFO - 
                                                       question                                             answer
0            What are the most common issues with credit cards?  Error: module 'signal' has no attribute 'SIGALRM'
1  How do customers typically report unauthorized transactions?  Error: module 'signal' has no attribute 'SIGALRM'
2            What are customers saying about late payment fees?  Error: module 'signal' has no attribute 'SIGALRM'
2026-01-05 19:10:46,764 - __main__ - INFO - Initializing RAG pipeline...
2026-01-05 19:10:46,767 - sentence_transformers.SentenceTransformer - INFO - Use pytorch device_name: cpu
2026-01-05 19:10:46,767 - sentence_transformers.SentenceTransformer - INFO - Load pretrained SentenceTransformer: all-MiniLM-L6-v2
2026-01-05 19:10:49,596 - generator - INFO - Using device: cpu
2026-01-05 19:10:49,597 - generator - INFO - Loading mistralai/Mistral-7B-Instruct-v0.1...
2026-01-05 19:11:03,930 - accelerate.big_modeling - WARNING - Some parameters are on the meta device because they were offloaded to the disk and cpu.
2026-01-05 19:11:03,943 - generator - INFO - Successfully loaded mistralai/Mistral-7B-Instruct-v0.1
2026-01-05 19:11:03,943 - __main__ - INFO - 
Processing question 1/3: What are the most common issues with credit cards?...
2026-01-05 19:11:34,050 - __main__ - WARNING - Question timed out: What are the most common issues with credit cards?...
2026-01-05 19:55:11,842 - __main__ - INFO - Initializing RAG pipeline...
2026-01-05 19:55:11,842 - sentence_transformers.SentenceTransformer - INFO - Use pytorch device_name: cpu
2026-01-05 19:55:11,842 - sentence_transformers.SentenceTransformer - INFO - Load pretrained SentenceTransformer: vector_store/chroma
2026-01-05 19:55:12,229 - sentence_transformers.SentenceTransformer - WARNING - No sentence-transformers model found with name vector_store/chroma. Creating a new one with mean pooling.
2026-01-05 19:55:12,229 - __main__ - CRITICAL - Critical error in evaluation: Unrecognized model in vector_store/chroma. Should have a `model_type` key in its config.json, or contain one of the following strings in its name: aimv2, aimv2_vision_model, albert, align, altclip, apertus, arcee, aria, aria_text, audio-spectrogram-transformer, autoformer, aya_vision, bamba, bark, bart, beit, bert, bert-generation, big_bird, bigbird_pegasus, biogpt, bit, bitnet, blenderbot, blenderbot-small, blip, blip-2, blip_2_qformer, bloom, blt, bridgetower, bros, camembert, canine, chameleon, chinese_clip, chinese_clip_vision_model, clap, clip, clip_text_model, clip_vision_model, clipseg, clvp, code_llama, codegen, cohere, cohere2, cohere2_vision, colpali, colqwen2, conditional_detr, convbert, convnext, convnextv2, cpmant, csm, ctrl, cvt, d_fine, dab-detr, dac, data2vec-audio, data2vec-text, data2vec-vision, dbrx, deberta, deberta-v2, decision_transformer, deepseek_v2, deepseek_v3, deepseek_vl, deepseek_vl_hybrid, deformable_detr, deit, depth_anything, depth_pro, deta, detr, dia, diffllama, dinat, dinov2, dinov2_with_registers, dinov3_convnext, dinov3_vit, distilbert, doge, donut-swin, dots1, dpr, dpt, edgetam, edgetam_video, edgetam_vision_model, efficientformer, efficientloftr, efficientnet, electra, emu3, encodec, encoder-decoder, eomt, ernie, ernie4_5, ernie4_5_moe, ernie_m, esm, evolla, exaone4, falcon, falcon_h1, falcon_mamba, fastspeech2_conformer, fastspeech2_conformer_with_hifigan, flaubert, flava, flex_olmo, florence2, fnet, focalnet, fsmt, funnel, fuyu, gemma, gemma2, gemma3, gemma3_text, gemma3n, gemma3n_audio, gemma3n_text, gemma3n_vision, git, glm, glm4, glm4_moe, glm4v, glm4v_moe, glm4v_moe_text, glm4v_text, glpn, got_ocr2, gpt-sw3, gpt2, gpt_bigcode, gpt_neo, gpt_neox, gpt_neox_japanese, gpt_oss, gptj, gptsan-japanese, granite, granite_speech, granitemoe, granitemoehybrid, granitemoeshared, granitevision, graphormer, grounding-dino, groupvit, helium, hgnet_v2, hiera, hubert, hunyuan_v1_dense, hunyuan_v1_moe, ibert, idefics, idefics2, idefics3, idefics3_vision, ijepa, imagegpt, informer, instructblip, instructblipvideo, internvl, internvl_vision, jamba, janus, jetmoe, jukebox, kosmos-2, kosmos-2.5, kyutai_speech_to_text, layoutlm, layoutlmv2, layoutlmv3, led, levit, lfm2, lfm2_vl, lightglue, lilt, llama, llama4, llama4_text, llava, llava_next, llava_next_video, llava_onevision, longcat_flash, longformer, longt5, luke, lxmert, m2m_100, mamba, mamba2, marian, markuplm, mask2former, maskformer, maskformer-swin, mbart, mctct, mega, megatron-bert, metaclip_2, mgp-str, mimi, minimax, ministral, mistral, mistral3, mixtral, mlcd, mllama, mm-grounding-dino, mobilebert, mobilenet_v1, mobilenet_v2, mobilevit, mobilevitv2, modernbert, modernbert-decoder, moonshine, moshi, mpnet, mpt, mra, mt5, musicgen, musicgen_melody, mvp, nat, nemotron, nezha, nllb-moe, nougat, nystromformer, olmo, olmo2, olmo3, olmoe, omdet-turbo, oneformer, open-llama, openai-gpt, opt, ovis2, owlv2, owlvit, paligemma, parakeet_ctc, parakeet_encoder, patchtsmixer, patchtst, pegasus, pegasus_x, perceiver, perception_encoder, perception_lm, persimmon, phi, phi3, phi4_multimodal, phimoe, pix2struct, pixtral, plbart, poolformer, pop2piano, prompt_depth_anything, prophetnet, pvt, pvt_v2, qdqbert, qwen2, qwen2_5_omni, qwen2_5_vl, qwen2_5_vl_text, qwen2_audio, qwen2_audio_encoder, qwen2_moe, qwen2_vl, qwen2_vl_text, qwen3, qwen3_moe, qwen3_next, qwen3_omni_moe, qwen3_vl, qwen3_vl_moe, qwen3_vl_moe_text, qwen3_vl_text, rag, realm, recurrent_gemma, reformer, regnet, rembert, resnet, retribert, roberta, roberta-prelayernorm, roc_bert, roformer, rt_detr, rt_detr_resnet, rt_detr_v2, rwkv, sam, sam2, sam2_hiera_det_model, sam2_video, sam2_vision_model, sam_hq, sam_hq_vision_model, sam_vision_model, seamless_m4t, seamless_m4t_v2, seed_oss, segformer, seggpt, sew, sew-d, shieldgemma2, siglip, siglip2, siglip2_vision_model, siglip_vision_model, smollm3, smolvlm, smolvlm_vision, speech-encoder-decoder, speech_to_text, speech_to_text_2, speecht5, splinter, squeezebert, stablelm, starcoder2, superglue, superpoint, swiftformer, swin, swin2sr, swinv2, switch_transformers, t5, t5gemma, table-transformer, tapas, textnet, time_series_transformer, timesfm, timesformer, timm_backbone, timm_wrapper, trajectory_transformer, transfo-xl, trocr, tvlt, tvp, udop, umt5, unispeech, unispeech-sat, univnet, upernet, van, vaultgemma, video_llava, videomae, vilt, vipllava, vision-encoder-decoder, vision-text-dual-encoder, visual_bert, vit, vit_hybrid, vit_mae, vit_msn, vitdet, vitmatte, vitpose, vitpose_backbone, vits, vivit, vjepa2, voxtral, voxtral_encoder, wav2vec2, wav2vec2-bert, wav2vec2-conformer, wavlm, whisper, xclip, xcodec, xglm, xlm, xlm-prophetnet, xlm-roberta, xlm-roberta-xl, xlnet, xlstm, xmod, yolos, yoso, zamba, zamba2, zoedepth
Traceback (most recent call last):
  File "d:\KAIM\weak-7\An-intelligent-complaint-analysis-chatbot\rag\run_evaluation.py", line 79, in main
    rag = RAGPipeline()
          ^^^^^^^^^^^^^
  File "d:\KAIM\weak-7\An-intelligent-complaint-analysis-chatbot\rag\rag_pipeline.py", line 9, in __init__
    self.retriever = Retriever(chroma_dir)
                     ^^^^^^^^^^^^^^^^^^^^^
  File "d:\KAIM\weak-7\An-intelligent-complaint-analysis-chatbot\rag\retriever.py", line 9, in __init__
    self.model = SentenceTransformer(model_name)
                 ^^^^^^^^^^^^^^^^^^^^^^^^^^^^^^^
  File "D:\KAIM\weak-7\An-intelligent-complaint-analysis-chatbot\.venv\Lib\site-packages\sentence_transformers\SentenceTransformer.py", line 339, in __init__
    modules = self._load_auto_model(
              ^^^^^^^^^^^^^^^^^^^^^^
  File "D:\KAIM\weak-7\An-intelligent-complaint-analysis-chatbot\.venv\Lib\site-packages\sentence_transformers\SentenceTransformer.py", line 2112, in _load_auto_model
    transformer_model = Transformer(
                        ^^^^^^^^^^^^
  File "D:\KAIM\weak-7\An-intelligent-complaint-analysis-chatbot\.venv\Lib\site-packages\sentence_transformers\models\Transformer.py", line 88, in __init__
    config, is_peft_model = self._load_config(model_name_or_path, cache_dir, backend, config_args)
                            ^^^^^^^^^^^^^^^^^^^^^^^^^^^^^^^^^^^^^^^^^^^^^^^^^^^^^^^^^^^^^^^^^^^^^^
  File "D:\KAIM\weak-7\An-intelligent-complaint-analysis-chatbot\.venv\Lib\site-packages\sentence_transformers\models\Transformer.py", line 163, in _load_config
    return AutoConfig.from_pretrained(model_name_or_path, **config_args, cache_dir=cache_dir), False
           ^^^^^^^^^^^^^^^^^^^^^^^^^^^^^^^^^^^^^^^^^^^^^^^^^^^^^^^^^^^^^^^^^^^^^^^^^^^^^^^^^^
  File "D:\KAIM\weak-7\An-intelligent-complaint-analysis-chatbot\.venv\Lib\site-packages\transformers\models\auto\configuration_auto.py", line 1380, in from_pretrained
    raise ValueError(
ValueError: Unrecognized model in vector_store/chroma. Should have a `model_type` key in its config.json, or contain one of the following strings in its name: aimv2, aimv2_vision_model, albert, align, altclip, apertus, arcee, aria, aria_text, audio-spectrogram-transformer, autoformer, aya_vision, bamba, bark, bart, beit, bert, bert-generation, big_bird, bigbird_pegasus, biogpt, bit, bitnet, blenderbot, blenderbot-small, blip, blip-2, blip_2_qformer, bloom, blt, bridgetower, bros, camembert, canine, chameleon, chinese_clip, chinese_clip_vision_model, clap, clip, clip_text_model, clip_vision_model, clipseg, clvp, code_llama, codegen, cohere, cohere2, cohere2_vision, colpali, colqwen2, conditional_detr, convbert, convnext, convnextv2, cpmant, csm, ctrl, cvt, d_fine, dab-detr, dac, data2vec-audio, data2vec-text, data2vec-vision, dbrx, deberta, deberta-v2, decision_transformer, deepseek_v2, deepseek_v3, deepseek_vl, deepseek_vl_hybrid, deformable_detr, deit, depth_anything, depth_pro, deta, detr, dia, diffllama, dinat, dinov2, dinov2_with_registers, dinov3_convnext, dinov3_vit, distilbert, doge, donut-swin, dots1, dpr, dpt, edgetam, edgetam_video, edgetam_vision_model, efficientformer, efficientloftr, efficientnet, electra, emu3, encodec, encoder-decoder, eomt, ernie, ernie4_5, ernie4_5_moe, ernie_m, esm, evolla, exaone4, falcon, falcon_h1, falcon_mamba, fastspeech2_conformer, fastspeech2_conformer_with_hifigan, flaubert, flava, flex_olmo, florence2, fnet, focalnet, fsmt, funnel, fuyu, gemma, gemma2, gemma3, gemma3_text, gemma3n, gemma3n_audio, gemma3n_text, gemma3n_vision, git, glm, glm4, glm4_moe, glm4v, glm4v_moe, glm4v_moe_text, glm4v_text, glpn, got_ocr2, gpt-sw3, gpt2, gpt_bigcode, gpt_neo, gpt_neox, gpt_neox_japanese, gpt_oss, gptj, gptsan-japanese, granite, granite_speech, granitemoe, granitemoehybrid, granitemoeshared, granitevision, graphormer, grounding-dino, groupvit, helium, hgnet_v2, hiera, hubert, hunyuan_v1_dense, hunyuan_v1_moe, ibert, idefics, idefics2, idefics3, idefics3_vision, ijepa, imagegpt, informer, instructblip, instructblipvideo, internvl, internvl_vision, jamba, janus, jetmoe, jukebox, kosmos-2, kosmos-2.5, kyutai_speech_to_text, layoutlm, layoutlmv2, layoutlmv3, led, levit, lfm2, lfm2_vl, lightglue, lilt, llama, llama4, llama4_text, llava, llava_next, llava_next_video, llava_onevision, longcat_flash, longformer, longt5, luke, lxmert, m2m_100, mamba, mamba2, marian, markuplm, mask2former, maskformer, maskformer-swin, mbart, mctct, mega, megatron-bert, metaclip_2, mgp-str, mimi, minimax, ministral, mistral, mistral3, mixtral, mlcd, mllama, mm-grounding-dino, mobilebert, mobilenet_v1, mobilenet_v2, mobilevit, mobilevitv2, modernbert, modernbert-decoder, moonshine, moshi, mpnet, mpt, mra, mt5, musicgen, musicgen_melody, mvp, nat, nemotron, nezha, nllb-moe, nougat, nystromformer, olmo, olmo2, olmo3, olmoe, omdet-turbo, oneformer, open-llama, openai-gpt, opt, ovis2, owlv2, owlvit, paligemma, parakeet_ctc, parakeet_encoder, patchtsmixer, patchtst, pegasus, pegasus_x, perceiver, perception_encoder, perception_lm, persimmon, phi, phi3, phi4_multimodal, phimoe, pix2struct, pixtral, plbart, poolformer, pop2piano, prompt_depth_anything, prophetnet, pvt, pvt_v2, qdqbert, qwen2, qwen2_5_omni, qwen2_5_vl, qwen2_5_vl_text, qwen2_audio, qwen2_audio_encoder, qwen2_moe, qwen2_vl, qwen2_vl_text, qwen3, qwen3_moe, qwen3_next, qwen3_omni_moe, qwen3_vl, qwen3_vl_moe, qwen3_vl_moe_text, qwen3_vl_text, rag, realm, recurrent_gemma, reformer, regnet, rembert, resnet, retribert, roberta, roberta-prelayernorm, roc_bert, roformer, rt_detr, rt_detr_resnet, rt_detr_v2, rwkv, sam, sam2, sam2_hiera_det_model, sam2_video, sam2_vision_model, sam_hq, sam_hq_vision_model, sam_vision_model, seamless_m4t, seamless_m4t_v2, seed_oss, segformer, seggpt, sew, sew-d, shieldgemma2, siglip, siglip2, siglip2_vision_model, siglip_vision_model, smollm3, smolvlm, smolvlm_vision, speech-encoder-decoder, speech_to_text, speech_to_text_2, speecht5, splinter, squeezebert, stablelm, starcoder2, superglue, superpoint, swiftformer, swin, swin2sr, swinv2, switch_transformers, t5, t5gemma, table-transformer, tapas, textnet, time_series_transformer, timesfm, timesformer, timm_backbone, timm_wrapper, trajectory_transformer, transfo-xl, trocr, tvlt, tvp, udop, umt5, unispeech, unispeech-sat, univnet, upernet, van, vaultgemma, video_llava, videomae, vilt, vipllava, vision-encoder-decoder, vision-text-dual-encoder, visual_bert, vit, vit_hybrid, vit_mae, vit_msn, vitdet, vitmatte, vitpose, vitpose_backbone, vits, vivit, vjepa2, voxtral, voxtral_encoder, wav2vec2, wav2vec2-bert, wav2vec2-conformer, wavlm, whisper, xclip, xcodec, xglm, xlm, xlm-prophetnet, xlm-roberta, xlm-roberta-xl, xlnet, xlstm, xmod, yolos, yoso, zamba, zamba2, zoedepth
2026-01-05 19:56:15,390 - __main__ - INFO - Initializing RAG pipeline...
2026-01-05 19:56:15,390 - sentence_transformers.SentenceTransformer - INFO - Use pytorch device_name: cpu
2026-01-05 19:56:15,390 - sentence_transformers.SentenceTransformer - INFO - Load pretrained SentenceTransformer: vector_store/chroma
2026-01-05 19:56:15,804 - sentence_transformers.SentenceTransformer - WARNING - No sentence-transformers model found with name vector_store/chroma. Creating a new one with mean pooling.
2026-01-05 19:56:15,804 - __main__ - CRITICAL - Critical error in evaluation: Unrecognized model in vector_store/chroma. Should have a `model_type` key in its config.json, or contain one of the following strings in its name: aimv2, aimv2_vision_model, albert, align, altclip, apertus, arcee, aria, aria_text, audio-spectrogram-transformer, autoformer, aya_vision, bamba, bark, bart, beit, bert, bert-generation, big_bird, bigbird_pegasus, biogpt, bit, bitnet, blenderbot, blenderbot-small, blip, blip-2, blip_2_qformer, bloom, blt, bridgetower, bros, camembert, canine, chameleon, chinese_clip, chinese_clip_vision_model, clap, clip, clip_text_model, clip_vision_model, clipseg, clvp, code_llama, codegen, cohere, cohere2, cohere2_vision, colpali, colqwen2, conditional_detr, convbert, convnext, convnextv2, cpmant, csm, ctrl, cvt, d_fine, dab-detr, dac, data2vec-audio, data2vec-text, data2vec-vision, dbrx, deberta, deberta-v2, decision_transformer, deepseek_v2, deepseek_v3, deepseek_vl, deepseek_vl_hybrid, deformable_detr, deit, depth_anything, depth_pro, deta, detr, dia, diffllama, dinat, dinov2, dinov2_with_registers, dinov3_convnext, dinov3_vit, distilbert, doge, donut-swin, dots1, dpr, dpt, edgetam, edgetam_video, edgetam_vision_model, efficientformer, efficientloftr, efficientnet, electra, emu3, encodec, encoder-decoder, eomt, ernie, ernie4_5, ernie4_5_moe, ernie_m, esm, evolla, exaone4, falcon, falcon_h1, falcon_mamba, fastspeech2_conformer, fastspeech2_conformer_with_hifigan, flaubert, flava, flex_olmo, florence2, fnet, focalnet, fsmt, funnel, fuyu, gemma, gemma2, gemma3, gemma3_text, gemma3n, gemma3n_audio, gemma3n_text, gemma3n_vision, git, glm, glm4, glm4_moe, glm4v, glm4v_moe, glm4v_moe_text, glm4v_text, glpn, got_ocr2, gpt-sw3, gpt2, gpt_bigcode, gpt_neo, gpt_neox, gpt_neox_japanese, gpt_oss, gptj, gptsan-japanese, granite, granite_speech, granitemoe, granitemoehybrid, granitemoeshared, granitevision, graphormer, grounding-dino, groupvit, helium, hgnet_v2, hiera, hubert, hunyuan_v1_dense, hunyuan_v1_moe, ibert, idefics, idefics2, idefics3, idefics3_vision, ijepa, imagegpt, informer, instructblip, instructblipvideo, internvl, internvl_vision, jamba, janus, jetmoe, jukebox, kosmos-2, kosmos-2.5, kyutai_speech_to_text, layoutlm, layoutlmv2, layoutlmv3, led, levit, lfm2, lfm2_vl, lightglue, lilt, llama, llama4, llama4_text, llava, llava_next, llava_next_video, llava_onevision, longcat_flash, longformer, longt5, luke, lxmert, m2m_100, mamba, mamba2, marian, markuplm, mask2former, maskformer, maskformer-swin, mbart, mctct, mega, megatron-bert, metaclip_2, mgp-str, mimi, minimax, ministral, mistral, mistral3, mixtral, mlcd, mllama, mm-grounding-dino, mobilebert, mobilenet_v1, mobilenet_v2, mobilevit, mobilevitv2, modernbert, modernbert-decoder, moonshine, moshi, mpnet, mpt, mra, mt5, musicgen, musicgen_melody, mvp, nat, nemotron, nezha, nllb-moe, nougat, nystromformer, olmo, olmo2, olmo3, olmoe, omdet-turbo, oneformer, open-llama, openai-gpt, opt, ovis2, owlv2, owlvit, paligemma, parakeet_ctc, parakeet_encoder, patchtsmixer, patchtst, pegasus, pegasus_x, perceiver, perception_encoder, perception_lm, persimmon, phi, phi3, phi4_multimodal, phimoe, pix2struct, pixtral, plbart, poolformer, pop2piano, prompt_depth_anything, prophetnet, pvt, pvt_v2, qdqbert, qwen2, qwen2_5_omni, qwen2_5_vl, qwen2_5_vl_text, qwen2_audio, qwen2_audio_encoder, qwen2_moe, qwen2_vl, qwen2_vl_text, qwen3, qwen3_moe, qwen3_next, qwen3_omni_moe, qwen3_vl, qwen3_vl_moe, qwen3_vl_moe_text, qwen3_vl_text, rag, realm, recurrent_gemma, reformer, regnet, rembert, resnet, retribert, roberta, roberta-prelayernorm, roc_bert, roformer, rt_detr, rt_detr_resnet, rt_detr_v2, rwkv, sam, sam2, sam2_hiera_det_model, sam2_video, sam2_vision_model, sam_hq, sam_hq_vision_model, sam_vision_model, seamless_m4t, seamless_m4t_v2, seed_oss, segformer, seggpt, sew, sew-d, shieldgemma2, siglip, siglip2, siglip2_vision_model, siglip_vision_model, smollm3, smolvlm, smolvlm_vision, speech-encoder-decoder, speech_to_text, speech_to_text_2, speecht5, splinter, squeezebert, stablelm, starcoder2, superglue, superpoint, swiftformer, swin, swin2sr, swinv2, switch_transformers, t5, t5gemma, table-transformer, tapas, textnet, time_series_transformer, timesfm, timesformer, timm_backbone, timm_wrapper, trajectory_transformer, transfo-xl, trocr, tvlt, tvp, udop, umt5, unispeech, unispeech-sat, univnet, upernet, van, vaultgemma, video_llava, videomae, vilt, vipllava, vision-encoder-decoder, vision-text-dual-encoder, visual_bert, vit, vit_hybrid, vit_mae, vit_msn, vitdet, vitmatte, vitpose, vitpose_backbone, vits, vivit, vjepa2, voxtral, voxtral_encoder, wav2vec2, wav2vec2-bert, wav2vec2-conformer, wavlm, whisper, xclip, xcodec, xglm, xlm, xlm-prophetnet, xlm-roberta, xlm-roberta-xl, xlnet, xlstm, xmod, yolos, yoso, zamba, zamba2, zoedepth
Traceback (most recent call last):
  File "d:\KAIM\weak-7\An-intelligent-complaint-analysis-chatbot\rag\run_evaluation.py", line 79, in main
    rag = RAGPipeline()
          ^^^^^^^^^^^^^
  File "d:\KAIM\weak-7\An-intelligent-complaint-analysis-chatbot\rag\rag_pipeline.py", line 9, in __init__
    self.retriever = Retriever(chroma_dir)
                     ^^^^^^^^^^^^^^^^^^^^^
  File "d:\KAIM\weak-7\An-intelligent-complaint-analysis-chatbot\rag\retriever.py", line 10, in __init__
    self.model = SentenceTransformer(model_name)
                 ^^^^^^^^^^^^^^^^^^^^^^^^^^^^^^^
  File "D:\KAIM\weak-7\An-intelligent-complaint-analysis-chatbot\.venv\Lib\site-packages\sentence_transformers\SentenceTransformer.py", line 339, in __init__
    modules = self._load_auto_model(
              ^^^^^^^^^^^^^^^^^^^^^^
  File "D:\KAIM\weak-7\An-intelligent-complaint-analysis-chatbot\.venv\Lib\site-packages\sentence_transformers\SentenceTransformer.py", line 2112, in _load_auto_model
    transformer_model = Transformer(
                        ^^^^^^^^^^^^
  File "D:\KAIM\weak-7\An-intelligent-complaint-analysis-chatbot\.venv\Lib\site-packages\sentence_transformers\models\Transformer.py", line 88, in __init__
    config, is_peft_model = self._load_config(model_name_or_path, cache_dir, backend, config_args)
                            ^^^^^^^^^^^^^^^^^^^^^^^^^^^^^^^^^^^^^^^^^^^^^^^^^^^^^^^^^^^^^^^^^^^^^^
  File "D:\KAIM\weak-7\An-intelligent-complaint-analysis-chatbot\.venv\Lib\site-packages\sentence_transformers\models\Transformer.py", line 163, in _load_config
    return AutoConfig.from_pretrained(model_name_or_path, **config_args, cache_dir=cache_dir), False
           ^^^^^^^^^^^^^^^^^^^^^^^^^^^^^^^^^^^^^^^^^^^^^^^^^^^^^^^^^^^^^^^^^^^^^^^^^^^^^^^^^^
  File "D:\KAIM\weak-7\An-intelligent-complaint-analysis-chatbot\.venv\Lib\site-packages\transformers\models\auto\configuration_auto.py", line 1380, in from_pretrained
    raise ValueError(
ValueError: Unrecognized model in vector_store/chroma. Should have a `model_type` key in its config.json, or contain one of the following strings in its name: aimv2, aimv2_vision_model, albert, align, altclip, apertus, arcee, aria, aria_text, audio-spectrogram-transformer, autoformer, aya_vision, bamba, bark, bart, beit, bert, bert-generation, big_bird, bigbird_pegasus, biogpt, bit, bitnet, blenderbot, blenderbot-small, blip, blip-2, blip_2_qformer, bloom, blt, bridgetower, bros, camembert, canine, chameleon, chinese_clip, chinese_clip_vision_model, clap, clip, clip_text_model, clip_vision_model, clipseg, clvp, code_llama, codegen, cohere, cohere2, cohere2_vision, colpali, colqwen2, conditional_detr, convbert, convnext, convnextv2, cpmant, csm, ctrl, cvt, d_fine, dab-detr, dac, data2vec-audio, data2vec-text, data2vec-vision, dbrx, deberta, deberta-v2, decision_transformer, deepseek_v2, deepseek_v3, deepseek_vl, deepseek_vl_hybrid, deformable_detr, deit, depth_anything, depth_pro, deta, detr, dia, diffllama, dinat, dinov2, dinov2_with_registers, dinov3_convnext, dinov3_vit, distilbert, doge, donut-swin, dots1, dpr, dpt, edgetam, edgetam_video, edgetam_vision_model, efficientformer, efficientloftr, efficientnet, electra, emu3, encodec, encoder-decoder, eomt, ernie, ernie4_5, ernie4_5_moe, ernie_m, esm, evolla, exaone4, falcon, falcon_h1, falcon_mamba, fastspeech2_conformer, fastspeech2_conformer_with_hifigan, flaubert, flava, flex_olmo, florence2, fnet, focalnet, fsmt, funnel, fuyu, gemma, gemma2, gemma3, gemma3_text, gemma3n, gemma3n_audio, gemma3n_text, gemma3n_vision, git, glm, glm4, glm4_moe, glm4v, glm4v_moe, glm4v_moe_text, glm4v_text, glpn, got_ocr2, gpt-sw3, gpt2, gpt_bigcode, gpt_neo, gpt_neox, gpt_neox_japanese, gpt_oss, gptj, gptsan-japanese, granite, granite_speech, granitemoe, granitemoehybrid, granitemoeshared, granitevision, graphormer, grounding-dino, groupvit, helium, hgnet_v2, hiera, hubert, hunyuan_v1_dense, hunyuan_v1_moe, ibert, idefics, idefics2, idefics3, idefics3_vision, ijepa, imagegpt, informer, instructblip, instructblipvideo, internvl, internvl_vision, jamba, janus, jetmoe, jukebox, kosmos-2, kosmos-2.5, kyutai_speech_to_text, layoutlm, layoutlmv2, layoutlmv3, led, levit, lfm2, lfm2_vl, lightglue, lilt, llama, llama4, llama4_text, llava, llava_next, llava_next_video, llava_onevision, longcat_flash, longformer, longt5, luke, lxmert, m2m_100, mamba, mamba2, marian, markuplm, mask2former, maskformer, maskformer-swin, mbart, mctct, mega, megatron-bert, metaclip_2, mgp-str, mimi, minimax, ministral, mistral, mistral3, mixtral, mlcd, mllama, mm-grounding-dino, mobilebert, mobilenet_v1, mobilenet_v2, mobilevit, mobilevitv2, modernbert, modernbert-decoder, moonshine, moshi, mpnet, mpt, mra, mt5, musicgen, musicgen_melody, mvp, nat, nemotron, nezha, nllb-moe, nougat, nystromformer, olmo, olmo2, olmo3, olmoe, omdet-turbo, oneformer, open-llama, openai-gpt, opt, ovis2, owlv2, owlvit, paligemma, parakeet_ctc, parakeet_encoder, patchtsmixer, patchtst, pegasus, pegasus_x, perceiver, perception_encoder, perception_lm, persimmon, phi, phi3, phi4_multimodal, phimoe, pix2struct, pixtral, plbart, poolformer, pop2piano, prompt_depth_anything, prophetnet, pvt, pvt_v2, qdqbert, qwen2, qwen2_5_omni, qwen2_5_vl, qwen2_5_vl_text, qwen2_audio, qwen2_audio_encoder, qwen2_moe, qwen2_vl, qwen2_vl_text, qwen3, qwen3_moe, qwen3_next, qwen3_omni_moe, qwen3_vl, qwen3_vl_moe, qwen3_vl_moe_text, qwen3_vl_text, rag, realm, recurrent_gemma, reformer, regnet, rembert, resnet, retribert, roberta, roberta-prelayernorm, roc_bert, roformer, rt_detr, rt_detr_resnet, rt_detr_v2, rwkv, sam, sam2, sam2_hiera_det_model, sam2_video, sam2_vision_model, sam_hq, sam_hq_vision_model, sam_vision_model, seamless_m4t, seamless_m4t_v2, seed_oss, segformer, seggpt, sew, sew-d, shieldgemma2, siglip, siglip2, siglip2_vision_model, siglip_vision_model, smollm3, smolvlm, smolvlm_vision, speech-encoder-decoder, speech_to_text, speech_to_text_2, speecht5, splinter, squeezebert, stablelm, starcoder2, superglue, superpoint, swiftformer, swin, swin2sr, swinv2, switch_transformers, t5, t5gemma, table-transformer, tapas, textnet, time_series_transformer, timesfm, timesformer, timm_backbone, timm_wrapper, trajectory_transformer, transfo-xl, trocr, tvlt, tvp, udop, umt5, unispeech, unispeech-sat, univnet, upernet, van, vaultgemma, video_llava, videomae, vilt, vipllava, vision-encoder-decoder, vision-text-dual-encoder, visual_bert, vit, vit_hybrid, vit_mae, vit_msn, vitdet, vitmatte, vitpose, vitpose_backbone, vits, vivit, vjepa2, voxtral, voxtral_encoder, wav2vec2, wav2vec2-bert, wav2vec2-conformer, wavlm, whisper, xclip, xcodec, xglm, xlm, xlm-prophetnet, xlm-roberta, xlm-roberta-xl, xlnet, xlstm, xmod, yolos, yoso, zamba, zamba2, zoedepth
2026-01-05 19:56:30,692 - __main__ - INFO - Initializing RAG pipeline...
2026-01-05 19:56:30,692 - sentence_transformers.SentenceTransformer - INFO - Use pytorch device_name: cpu
2026-01-05 19:56:30,692 - sentence_transformers.SentenceTransformer - INFO - Load pretrained SentenceTransformer: vector_store/chroma
2026-01-05 19:56:31,043 - sentence_transformers.SentenceTransformer - WARNING - No sentence-transformers model found with name vector_store/chroma. Creating a new one with mean pooling.
2026-01-05 19:56:31,046 - __main__ - CRITICAL - Critical error in evaluation: Unrecognized model in vector_store/chroma. Should have a `model_type` key in its config.json, or contain one of the following strings in its name: aimv2, aimv2_vision_model, albert, align, altclip, apertus, arcee, aria, aria_text, audio-spectrogram-transformer, autoformer, aya_vision, bamba, bark, bart, beit, bert, bert-generation, big_bird, bigbird_pegasus, biogpt, bit, bitnet, blenderbot, blenderbot-small, blip, blip-2, blip_2_qformer, bloom, blt, bridgetower, bros, camembert, canine, chameleon, chinese_clip, chinese_clip_vision_model, clap, clip, clip_text_model, clip_vision_model, clipseg, clvp, code_llama, codegen, cohere, cohere2, cohere2_vision, colpali, colqwen2, conditional_detr, convbert, convnext, convnextv2, cpmant, csm, ctrl, cvt, d_fine, dab-detr, dac, data2vec-audio, data2vec-text, data2vec-vision, dbrx, deberta, deberta-v2, decision_transformer, deepseek_v2, deepseek_v3, deepseek_vl, deepseek_vl_hybrid, deformable_detr, deit, depth_anything, depth_pro, deta, detr, dia, diffllama, dinat, dinov2, dinov2_with_registers, dinov3_convnext, dinov3_vit, distilbert, doge, donut-swin, dots1, dpr, dpt, edgetam, edgetam_video, edgetam_vision_model, efficientformer, efficientloftr, efficientnet, electra, emu3, encodec, encoder-decoder, eomt, ernie, ernie4_5, ernie4_5_moe, ernie_m, esm, evolla, exaone4, falcon, falcon_h1, falcon_mamba, fastspeech2_conformer, fastspeech2_conformer_with_hifigan, flaubert, flava, flex_olmo, florence2, fnet, focalnet, fsmt, funnel, fuyu, gemma, gemma2, gemma3, gemma3_text, gemma3n, gemma3n_audio, gemma3n_text, gemma3n_vision, git, glm, glm4, glm4_moe, glm4v, glm4v_moe, glm4v_moe_text, glm4v_text, glpn, got_ocr2, gpt-sw3, gpt2, gpt_bigcode, gpt_neo, gpt_neox, gpt_neox_japanese, gpt_oss, gptj, gptsan-japanese, granite, granite_speech, granitemoe, granitemoehybrid, granitemoeshared, granitevision, graphormer, grounding-dino, groupvit, helium, hgnet_v2, hiera, hubert, hunyuan_v1_dense, hunyuan_v1_moe, ibert, idefics, idefics2, idefics3, idefics3_vision, ijepa, imagegpt, informer, instructblip, instructblipvideo, internvl, internvl_vision, jamba, janus, jetmoe, jukebox, kosmos-2, kosmos-2.5, kyutai_speech_to_text, layoutlm, layoutlmv2, layoutlmv3, led, levit, lfm2, lfm2_vl, lightglue, lilt, llama, llama4, llama4_text, llava, llava_next, llava_next_video, llava_onevision, longcat_flash, longformer, longt5, luke, lxmert, m2m_100, mamba, mamba2, marian, markuplm, mask2former, maskformer, maskformer-swin, mbart, mctct, mega, megatron-bert, metaclip_2, mgp-str, mimi, minimax, ministral, mistral, mistral3, mixtral, mlcd, mllama, mm-grounding-dino, mobilebert, mobilenet_v1, mobilenet_v2, mobilevit, mobilevitv2, modernbert, modernbert-decoder, moonshine, moshi, mpnet, mpt, mra, mt5, musicgen, musicgen_melody, mvp, nat, nemotron, nezha, nllb-moe, nougat, nystromformer, olmo, olmo2, olmo3, olmoe, omdet-turbo, oneformer, open-llama, openai-gpt, opt, ovis2, owlv2, owlvit, paligemma, parakeet_ctc, parakeet_encoder, patchtsmixer, patchtst, pegasus, pegasus_x, perceiver, perception_encoder, perception_lm, persimmon, phi, phi3, phi4_multimodal, phimoe, pix2struct, pixtral, plbart, poolformer, pop2piano, prompt_depth_anything, prophetnet, pvt, pvt_v2, qdqbert, qwen2, qwen2_5_omni, qwen2_5_vl, qwen2_5_vl_text, qwen2_audio, qwen2_audio_encoder, qwen2_moe, qwen2_vl, qwen2_vl_text, qwen3, qwen3_moe, qwen3_next, qwen3_omni_moe, qwen3_vl, qwen3_vl_moe, qwen3_vl_moe_text, qwen3_vl_text, rag, realm, recurrent_gemma, reformer, regnet, rembert, resnet, retribert, roberta, roberta-prelayernorm, roc_bert, roformer, rt_detr, rt_detr_resnet, rt_detr_v2, rwkv, sam, sam2, sam2_hiera_det_model, sam2_video, sam2_vision_model, sam_hq, sam_hq_vision_model, sam_vision_model, seamless_m4t, seamless_m4t_v2, seed_oss, segformer, seggpt, sew, sew-d, shieldgemma2, siglip, siglip2, siglip2_vision_model, siglip_vision_model, smollm3, smolvlm, smolvlm_vision, speech-encoder-decoder, speech_to_text, speech_to_text_2, speecht5, splinter, squeezebert, stablelm, starcoder2, superglue, superpoint, swiftformer, swin, swin2sr, swinv2, switch_transformers, t5, t5gemma, table-transformer, tapas, textnet, time_series_transformer, timesfm, timesformer, timm_backbone, timm_wrapper, trajectory_transformer, transfo-xl, trocr, tvlt, tvp, udop, umt5, unispeech, unispeech-sat, univnet, upernet, van, vaultgemma, video_llava, videomae, vilt, vipllava, vision-encoder-decoder, vision-text-dual-encoder, visual_bert, vit, vit_hybrid, vit_mae, vit_msn, vitdet, vitmatte, vitpose, vitpose_backbone, vits, vivit, vjepa2, voxtral, voxtral_encoder, wav2vec2, wav2vec2-bert, wav2vec2-conformer, wavlm, whisper, xclip, xcodec, xglm, xlm, xlm-prophetnet, xlm-roberta, xlm-roberta-xl, xlnet, xlstm, xmod, yolos, yoso, zamba, zamba2, zoedepth
Traceback (most recent call last):
  File "d:\KAIM\weak-7\An-intelligent-complaint-analysis-chatbot\rag\run_evaluation.py", line 79, in main
    rag = RAGPipeline()
          ^^^^^^^^^^^^^
  File "d:\KAIM\weak-7\An-intelligent-complaint-analysis-chatbot\rag\rag_pipeline.py", line 9, in __init__
    self.retriever = Retriever(chroma_dir)
                     ^^^^^^^^^^^^^^^^^^^^^
  File "d:\KAIM\weak-7\An-intelligent-complaint-analysis-chatbot\rag\retriever.py", line 10, in __init__
    self.model = SentenceTransformer(model_name)
                 ^^^^^^^^^^^^^^^^^^^^^^^^^^^^^^^
  File "D:\KAIM\weak-7\An-intelligent-complaint-analysis-chatbot\.venv\Lib\site-packages\sentence_transformers\SentenceTransformer.py", line 339, in __init__
    modules = self._load_auto_model(
              ^^^^^^^^^^^^^^^^^^^^^^
  File "D:\KAIM\weak-7\An-intelligent-complaint-analysis-chatbot\.venv\Lib\site-packages\sentence_transformers\SentenceTransformer.py", line 2112, in _load_auto_model
    transformer_model = Transformer(
                        ^^^^^^^^^^^^
  File "D:\KAIM\weak-7\An-intelligent-complaint-analysis-chatbot\.venv\Lib\site-packages\sentence_transformers\models\Transformer.py", line 88, in __init__
    config, is_peft_model = self._load_config(model_name_or_path, cache_dir, backend, config_args)
                            ^^^^^^^^^^^^^^^^^^^^^^^^^^^^^^^^^^^^^^^^^^^^^^^^^^^^^^^^^^^^^^^^^^^^^^
  File "D:\KAIM\weak-7\An-intelligent-complaint-analysis-chatbot\.venv\Lib\site-packages\sentence_transformers\models\Transformer.py", line 163, in _load_config
    return AutoConfig.from_pretrained(model_name_or_path, **config_args, cache_dir=cache_dir), False
           ^^^^^^^^^^^^^^^^^^^^^^^^^^^^^^^^^^^^^^^^^^^^^^^^^^^^^^^^^^^^^^^^^^^^^^^^^^^^^^^^^^
  File "D:\KAIM\weak-7\An-intelligent-complaint-analysis-chatbot\.venv\Lib\site-packages\transformers\models\auto\configuration_auto.py", line 1380, in from_pretrained
    raise ValueError(
ValueError: Unrecognized model in vector_store/chroma. Should have a `model_type` key in its config.json, or contain one of the following strings in its name: aimv2, aimv2_vision_model, albert, align, altclip, apertus, arcee, aria, aria_text, audio-spectrogram-transformer, autoformer, aya_vision, bamba, bark, bart, beit, bert, bert-generation, big_bird, bigbird_pegasus, biogpt, bit, bitnet, blenderbot, blenderbot-small, blip, blip-2, blip_2_qformer, bloom, blt, bridgetower, bros, camembert, canine, chameleon, chinese_clip, chinese_clip_vision_model, clap, clip, clip_text_model, clip_vision_model, clipseg, clvp, code_llama, codegen, cohere, cohere2, cohere2_vision, colpali, colqwen2, conditional_detr, convbert, convnext, convnextv2, cpmant, csm, ctrl, cvt, d_fine, dab-detr, dac, data2vec-audio, data2vec-text, data2vec-vision, dbrx, deberta, deberta-v2, decision_transformer, deepseek_v2, deepseek_v3, deepseek_vl, deepseek_vl_hybrid, deformable_detr, deit, depth_anything, depth_pro, deta, detr, dia, diffllama, dinat, dinov2, dinov2_with_registers, dinov3_convnext, dinov3_vit, distilbert, doge, donut-swin, dots1, dpr, dpt, edgetam, edgetam_video, edgetam_vision_model, efficientformer, efficientloftr, efficientnet, electra, emu3, encodec, encoder-decoder, eomt, ernie, ernie4_5, ernie4_5_moe, ernie_m, esm, evolla, exaone4, falcon, falcon_h1, falcon_mamba, fastspeech2_conformer, fastspeech2_conformer_with_hifigan, flaubert, flava, flex_olmo, florence2, fnet, focalnet, fsmt, funnel, fuyu, gemma, gemma2, gemma3, gemma3_text, gemma3n, gemma3n_audio, gemma3n_text, gemma3n_vision, git, glm, glm4, glm4_moe, glm4v, glm4v_moe, glm4v_moe_text, glm4v_text, glpn, got_ocr2, gpt-sw3, gpt2, gpt_bigcode, gpt_neo, gpt_neox, gpt_neox_japanese, gpt_oss, gptj, gptsan-japanese, granite, granite_speech, granitemoe, granitemoehybrid, granitemoeshared, granitevision, graphormer, grounding-dino, groupvit, helium, hgnet_v2, hiera, hubert, hunyuan_v1_dense, hunyuan_v1_moe, ibert, idefics, idefics2, idefics3, idefics3_vision, ijepa, imagegpt, informer, instructblip, instructblipvideo, internvl, internvl_vision, jamba, janus, jetmoe, jukebox, kosmos-2, kosmos-2.5, kyutai_speech_to_text, layoutlm, layoutlmv2, layoutlmv3, led, levit, lfm2, lfm2_vl, lightglue, lilt, llama, llama4, llama4_text, llava, llava_next, llava_next_video, llava_onevision, longcat_flash, longformer, longt5, luke, lxmert, m2m_100, mamba, mamba2, marian, markuplm, mask2former, maskformer, maskformer-swin, mbart, mctct, mega, megatron-bert, metaclip_2, mgp-str, mimi, minimax, ministral, mistral, mistral3, mixtral, mlcd, mllama, mm-grounding-dino, mobilebert, mobilenet_v1, mobilenet_v2, mobilevit, mobilevitv2, modernbert, modernbert-decoder, moonshine, moshi, mpnet, mpt, mra, mt5, musicgen, musicgen_melody, mvp, nat, nemotron, nezha, nllb-moe, nougat, nystromformer, olmo, olmo2, olmo3, olmoe, omdet-turbo, oneformer, open-llama, openai-gpt, opt, ovis2, owlv2, owlvit, paligemma, parakeet_ctc, parakeet_encoder, patchtsmixer, patchtst, pegasus, pegasus_x, perceiver, perception_encoder, perception_lm, persimmon, phi, phi3, phi4_multimodal, phimoe, pix2struct, pixtral, plbart, poolformer, pop2piano, prompt_depth_anything, prophetnet, pvt, pvt_v2, qdqbert, qwen2, qwen2_5_omni, qwen2_5_vl, qwen2_5_vl_text, qwen2_audio, qwen2_audio_encoder, qwen2_moe, qwen2_vl, qwen2_vl_text, qwen3, qwen3_moe, qwen3_next, qwen3_omni_moe, qwen3_vl, qwen3_vl_moe, qwen3_vl_moe_text, qwen3_vl_text, rag, realm, recurrent_gemma, reformer, regnet, rembert, resnet, retribert, roberta, roberta-prelayernorm, roc_bert, roformer, rt_detr, rt_detr_resnet, rt_detr_v2, rwkv, sam, sam2, sam2_hiera_det_model, sam2_video, sam2_vision_model, sam_hq, sam_hq_vision_model, sam_vision_model, seamless_m4t, seamless_m4t_v2, seed_oss, segformer, seggpt, sew, sew-d, shieldgemma2, siglip, siglip2, siglip2_vision_model, siglip_vision_model, smollm3, smolvlm, smolvlm_vision, speech-encoder-decoder, speech_to_text, speech_to_text_2, speecht5, splinter, squeezebert, stablelm, starcoder2, superglue, superpoint, swiftformer, swin, swin2sr, swinv2, switch_transformers, t5, t5gemma, table-transformer, tapas, textnet, time_series_transformer, timesfm, timesformer, timm_backbone, timm_wrapper, trajectory_transformer, transfo-xl, trocr, tvlt, tvp, udop, umt5, unispeech, unispeech-sat, univnet, upernet, van, vaultgemma, video_llava, videomae, vilt, vipllava, vision-encoder-decoder, vision-text-dual-encoder, visual_bert, vit, vit_hybrid, vit_mae, vit_msn, vitdet, vitmatte, vitpose, vitpose_backbone, vits, vivit, vjepa2, voxtral, voxtral_encoder, wav2vec2, wav2vec2-bert, wav2vec2-conformer, wavlm, whisper, xclip, xcodec, xglm, xlm, xlm-prophetnet, xlm-roberta, xlm-roberta-xl, xlnet, xlstm, xmod, yolos, yoso, zamba, zamba2, zoedepth
2026-01-05 19:58:17,306 - __main__ - INFO - Initializing RAG pipeline...
2026-01-05 19:58:17,306 - sentence_transformers.SentenceTransformer - INFO - Use pytorch device_name: cpu
2026-01-05 19:58:17,306 - sentence_transformers.SentenceTransformer - INFO - Load pretrained SentenceTransformer: all-MiniLM-L6-v2
2026-01-05 19:58:19,841 - chromadb.telemetry.product.posthog - INFO - Anonymized telemetry enabled. See                     https://docs.trychroma.com/telemetry for more information.
2026-01-05 19:58:19,940 - generator - INFO - Using device: cpu
2026-01-05 19:58:19,945 - generator - INFO - Loading mistralai/Mistral-7B-Instruct-v0.1...
2026-01-05 19:58:31,040 - accelerate.big_modeling - WARNING - Some parameters are on the meta device because they were offloaded to the cpu and disk.
2026-01-05 19:58:31,052 - generator - INFO - Successfully loaded mistralai/Mistral-7B-Instruct-v0.1
2026-01-05 19:58:31,052 - __main__ - INFO - 
Processing question 1/5: What are the most common issues with credit cards?...
2026-01-05 19:59:01,093 - __main__ - WARNING - Question timed out after 30 seconds: What are the most common issues with credit cards?...
2026-01-05 19:59:31,145 - __main__ - INFO - Question processed in 60.1s: What are the most common issues with credit cards?...
2026-01-05 19:59:31,241 - __main__ - ERROR - Fatal error processing question: Missing optional dependency 'tabulate'.  Use pip or conda to install tabulate.
Traceback (most recent call last):
  File "D:\KAIM\weak-7\An-intelligent-complaint-analysis-chatbot\.venv\Lib\site-packages\pandas\compat\_optional.py", line 135, in import_optional_dependency
    module = importlib.import_module(name)
             ^^^^^^^^^^^^^^^^^^^^^^^^^^^^^
  File "C:\Users\betteyk\AppData\Local\Programs\Python\Python311\Lib\importlib\__init__.py", line 126, in import_module
    return _bootstrap._gcd_import(name[level:], package, level)
           ^^^^^^^^^^^^^^^^^^^^^^^^^^^^^^^^^^^^^^^^^^^^^^^^^^^^
  File "<frozen importlib._bootstrap>", line 1204, in _gcd_import
  File "<frozen importlib._bootstrap>", line 1176, in _find_and_load
  File "<frozen importlib._bootstrap>", line 1140, in _find_and_load_unlocked
ModuleNotFoundError: No module named 'tabulate'

During handling of the above exception, another exception occurred:

Traceback (most recent call last):
  File "d:\KAIM\weak-7\An-intelligent-complaint-analysis-chatbot\rag\run_evaluation.py", line 92, in main
    RAGEvaluator.save_to_markdown(results_df, "evaluation_partial.md")
  File "d:\KAIM\weak-7\An-intelligent-complaint-analysis-chatbot\rag\evaluation.py", line 17, in save_to_markdown
    f.write(df.to_markdown(index=False))
            ^^^^^^^^^^^^^^^^^^^^^^^^^^^
  File "D:\KAIM\weak-7\An-intelligent-complaint-analysis-chatbot\.venv\Lib\site-packages\pandas\util\_decorators.py", line 333, in wrapper
    return func(*args, **kwargs)
           ^^^^^^^^^^^^^^^^^^^^^
  File "D:\KAIM\weak-7\An-intelligent-complaint-analysis-chatbot\.venv\Lib\site-packages\pandas\core\frame.py", line 2994, in to_markdown
    tabulate = import_optional_dependency("tabulate")
               ^^^^^^^^^^^^^^^^^^^^^^^^^^^^^^^^^^^^^^
  File "D:\KAIM\weak-7\An-intelligent-complaint-analysis-chatbot\.venv\Lib\site-packages\pandas\compat\_optional.py", line 138, in import_optional_dependency
    raise ImportError(msg)
ImportError: Missing optional dependency 'tabulate'.  Use pip or conda to install tabulate.
2026-01-05 19:59:31,719 - __main__ - INFO - 
Processing question 2/5: How do customers typically report unauthorized tra...
2026-01-05 20:00:01,735 - __main__ - WARNING - Question timed out after 30 seconds: How do customers typically report unauthorized tra...
2026-01-05 20:00:24,725 - __main__ - INFO - Question processed in 53.0s: How do customers typically report unauthorized tra...
2026-01-05 20:00:24,731 - __main__ - ERROR - Fatal error processing question: Missing optional dependency 'tabulate'.  Use pip or conda to install tabulate.
Traceback (most recent call last):
  File "D:\KAIM\weak-7\An-intelligent-complaint-analysis-chatbot\.venv\Lib\site-packages\pandas\compat\_optional.py", line 135, in import_optional_dependency
    module = importlib.import_module(name)
             ^^^^^^^^^^^^^^^^^^^^^^^^^^^^^
  File "C:\Users\betteyk\AppData\Local\Programs\Python\Python311\Lib\importlib\__init__.py", line 126, in import_module
    return _bootstrap._gcd_import(name[level:], package, level)
           ^^^^^^^^^^^^^^^^^^^^^^^^^^^^^^^^^^^^^^^^^^^^^^^^^^^^
  File "<frozen importlib._bootstrap>", line 1204, in _gcd_import
  File "<frozen importlib._bootstrap>", line 1176, in _find_and_load
  File "<frozen importlib._bootstrap>", line 1140, in _find_and_load_unlocked
ModuleNotFoundError: No module named 'tabulate'

During handling of the above exception, another exception occurred:

Traceback (most recent call last):
  File "d:\KAIM\weak-7\An-intelligent-complaint-analysis-chatbot\rag\run_evaluation.py", line 92, in main
    RAGEvaluator.save_to_markdown(results_df, "evaluation_partial.md")
  File "d:\KAIM\weak-7\An-intelligent-complaint-analysis-chatbot\rag\evaluation.py", line 17, in save_to_markdown
    f.write(df.to_markdown(index=False))
            ^^^^^^^^^^^^^^^^^^^^^^^^^^^
  File "D:\KAIM\weak-7\An-intelligent-complaint-analysis-chatbot\.venv\Lib\site-packages\pandas\util\_decorators.py", line 333, in wrapper
    return func(*args, **kwargs)
           ^^^^^^^^^^^^^^^^^^^^^
  File "D:\KAIM\weak-7\An-intelligent-complaint-analysis-chatbot\.venv\Lib\site-packages\pandas\core\frame.py", line 2994, in to_markdown
    tabulate = import_optional_dependency("tabulate")
               ^^^^^^^^^^^^^^^^^^^^^^^^^^^^^^^^^^^^^^
  File "D:\KAIM\weak-7\An-intelligent-complaint-analysis-chatbot\.venv\Lib\site-packages\pandas\compat\_optional.py", line 138, in import_optional_dependency
    raise ImportError(msg)
ImportError: Missing optional dependency 'tabulate'.  Use pip or conda to install tabulate.
2026-01-05 20:00:24,736 - __main__ - INFO - 
Processing question 3/5: What are customers saying about late payment fees?...
2026-01-05 20:00:54,756 - __main__ - WARNING - Question timed out after 30 seconds: What are customers saying about late payment fees?...
2026-01-05 20:01:17,165 - __main__ - INFO - Question processed in 52.4s: What are customers saying about late payment fees?...
2026-01-05 20:01:17,169 - __main__ - ERROR - Fatal error processing question: Missing optional dependency 'tabulate'.  Use pip or conda to install tabulate.
Traceback (most recent call last):
  File "D:\KAIM\weak-7\An-intelligent-complaint-analysis-chatbot\.venv\Lib\site-packages\pandas\compat\_optional.py", line 135, in import_optional_dependency
    module = importlib.import_module(name)
             ^^^^^^^^^^^^^^^^^^^^^^^^^^^^^
  File "C:\Users\betteyk\AppData\Local\Programs\Python\Python311\Lib\importlib\__init__.py", line 126, in import_module
    return _bootstrap._gcd_import(name[level:], package, level)
           ^^^^^^^^^^^^^^^^^^^^^^^^^^^^^^^^^^^^^^^^^^^^^^^^^^^^
  File "<frozen importlib._bootstrap>", line 1204, in _gcd_import
  File "<frozen importlib._bootstrap>", line 1176, in _find_and_load
  File "<frozen importlib._bootstrap>", line 1140, in _find_and_load_unlocked
ModuleNotFoundError: No module named 'tabulate'

During handling of the above exception, another exception occurred:

Traceback (most recent call last):
  File "d:\KAIM\weak-7\An-intelligent-complaint-analysis-chatbot\rag\run_evaluation.py", line 92, in main
    RAGEvaluator.save_to_markdown(results_df, "evaluation_partial.md")
  File "d:\KAIM\weak-7\An-intelligent-complaint-analysis-chatbot\rag\evaluation.py", line 17, in save_to_markdown
    f.write(df.to_markdown(index=False))
            ^^^^^^^^^^^^^^^^^^^^^^^^^^^
  File "D:\KAIM\weak-7\An-intelligent-complaint-analysis-chatbot\.venv\Lib\site-packages\pandas\util\_decorators.py", line 333, in wrapper
    return func(*args, **kwargs)
           ^^^^^^^^^^^^^^^^^^^^^
  File "D:\KAIM\weak-7\An-intelligent-complaint-analysis-chatbot\.venv\Lib\site-packages\pandas\core\frame.py", line 2994, in to_markdown
    tabulate = import_optional_dependency("tabulate")
               ^^^^^^^^^^^^^^^^^^^^^^^^^^^^^^^^^^^^^^
  File "D:\KAIM\weak-7\An-intelligent-complaint-analysis-chatbot\.venv\Lib\site-packages\pandas\compat\_optional.py", line 138, in import_optional_dependency
    raise ImportError(msg)
ImportError: Missing optional dependency 'tabulate'.  Use pip or conda to install tabulate.
2026-01-05 20:01:17,171 - __main__ - INFO - 
Processing question 4/5: How do customers describe their experiences with c...
2026-01-05 20:01:47,189 - __main__ - WARNING - Question timed out after 30 seconds: How do customers describe their experiences with c...
2026-01-05 20:01:57,817 - __main__ - INFO - Question processed in 40.6s: How do customers describe their experiences with c...
2026-01-05 20:01:57,821 - __main__ - ERROR - Fatal error processing question: Missing optional dependency 'tabulate'.  Use pip or conda to install tabulate.
Traceback (most recent call last):
  File "D:\KAIM\weak-7\An-intelligent-complaint-analysis-chatbot\.venv\Lib\site-packages\pandas\compat\_optional.py", line 135, in import_optional_dependency
    module = importlib.import_module(name)
             ^^^^^^^^^^^^^^^^^^^^^^^^^^^^^
  File "C:\Users\betteyk\AppData\Local\Programs\Python\Python311\Lib\importlib\__init__.py", line 126, in import_module
    return _bootstrap._gcd_import(name[level:], package, level)
           ^^^^^^^^^^^^^^^^^^^^^^^^^^^^^^^^^^^^^^^^^^^^^^^^^^^^
  File "<frozen importlib._bootstrap>", line 1204, in _gcd_import
  File "<frozen importlib._bootstrap>", line 1176, in _find_and_load
  File "<frozen importlib._bootstrap>", line 1140, in _find_and_load_unlocked
ModuleNotFoundError: No module named 'tabulate'

During handling of the above exception, another exception occurred:

Traceback (most recent call last):
  File "d:\KAIM\weak-7\An-intelligent-complaint-analysis-chatbot\rag\run_evaluation.py", line 92, in main
    RAGEvaluator.save_to_markdown(results_df, "evaluation_partial.md")
  File "d:\KAIM\weak-7\An-intelligent-complaint-analysis-chatbot\rag\evaluation.py", line 17, in save_to_markdown
    f.write(df.to_markdown(index=False))
            ^^^^^^^^^^^^^^^^^^^^^^^^^^^
  File "D:\KAIM\weak-7\An-intelligent-complaint-analysis-chatbot\.venv\Lib\site-packages\pandas\util\_decorators.py", line 333, in wrapper
    return func(*args, **kwargs)
           ^^^^^^^^^^^^^^^^^^^^^
  File "D:\KAIM\weak-7\An-intelligent-complaint-analysis-chatbot\.venv\Lib\site-packages\pandas\core\frame.py", line 2994, in to_markdown
    tabulate = import_optional_dependency("tabulate")
               ^^^^^^^^^^^^^^^^^^^^^^^^^^^^^^^^^^^^^^
  File "D:\KAIM\weak-7\An-intelligent-complaint-analysis-chatbot\.venv\Lib\site-packages\pandas\compat\_optional.py", line 138, in import_optional_dependency
    raise ImportError(msg)
ImportError: Missing optional dependency 'tabulate'.  Use pip or conda to install tabulate.
2026-01-05 20:01:57,824 - __main__ - INFO - 
Processing question 5/5: What issues do customers face with credit score re...
2026-01-05 20:02:27,828 - __main__ - WARNING - Question timed out after 30 seconds: What issues do customers face with credit score re...
2026-01-05 20:02:45,984 - __main__ - INFO - Question processed in 48.2s: What issues do customers face with credit score re...
2026-01-05 20:02:45,987 - __main__ - ERROR - Fatal error processing question: Missing optional dependency 'tabulate'.  Use pip or conda to install tabulate.
Traceback (most recent call last):
  File "D:\KAIM\weak-7\An-intelligent-complaint-analysis-chatbot\.venv\Lib\site-packages\pandas\compat\_optional.py", line 135, in import_optional_dependency
    module = importlib.import_module(name)
             ^^^^^^^^^^^^^^^^^^^^^^^^^^^^^
  File "C:\Users\betteyk\AppData\Local\Programs\Python\Python311\Lib\importlib\__init__.py", line 126, in import_module
    return _bootstrap._gcd_import(name[level:], package, level)
           ^^^^^^^^^^^^^^^^^^^^^^^^^^^^^^^^^^^^^^^^^^^^^^^^^^^^
  File "<frozen importlib._bootstrap>", line 1204, in _gcd_import
  File "<frozen importlib._bootstrap>", line 1176, in _find_and_load
  File "<frozen importlib._bootstrap>", line 1140, in _find_and_load_unlocked
ModuleNotFoundError: No module named 'tabulate'

During handling of the above exception, another exception occurred:

Traceback (most recent call last):
  File "d:\KAIM\weak-7\An-intelligent-complaint-analysis-chatbot\rag\run_evaluation.py", line 92, in main
    RAGEvaluator.save_to_markdown(results_df, "evaluation_partial.md")
  File "d:\KAIM\weak-7\An-intelligent-complaint-analysis-chatbot\rag\evaluation.py", line 17, in save_to_markdown
    f.write(df.to_markdown(index=False))
            ^^^^^^^^^^^^^^^^^^^^^^^^^^^
  File "D:\KAIM\weak-7\An-intelligent-complaint-analysis-chatbot\.venv\Lib\site-packages\pandas\util\_decorators.py", line 333, in wrapper
    return func(*args, **kwargs)
           ^^^^^^^^^^^^^^^^^^^^^
  File "D:\KAIM\weak-7\An-intelligent-complaint-analysis-chatbot\.venv\Lib\site-packages\pandas\core\frame.py", line 2994, in to_markdown
    tabulate = import_optional_dependency("tabulate")
               ^^^^^^^^^^^^^^^^^^^^^^^^^^^^^^^^^^^^^^
  File "D:\KAIM\weak-7\An-intelligent-complaint-analysis-chatbot\.venv\Lib\site-packages\pandas\compat\_optional.py", line 138, in import_optional_dependency
    raise ImportError(msg)
ImportError: Missing optional dependency 'tabulate'.  Use pip or conda to install tabulate.
2026-01-05 20:02:45,994 - __main__ - CRITICAL - Critical error in evaluation: Missing optional dependency 'tabulate'.  Use pip or conda to install tabulate.
Traceback (most recent call last):
  File "D:\KAIM\weak-7\An-intelligent-complaint-analysis-chatbot\.venv\Lib\site-packages\pandas\compat\_optional.py", line 135, in import_optional_dependency
    module = importlib.import_module(name)
             ^^^^^^^^^^^^^^^^^^^^^^^^^^^^^
  File "C:\Users\betteyk\AppData\Local\Programs\Python\Python311\Lib\importlib\__init__.py", line 126, in import_module
    return _bootstrap._gcd_import(name[level:], package, level)
           ^^^^^^^^^^^^^^^^^^^^^^^^^^^^^^^^^^^^^^^^^^^^^^^^^^^^
  File "<frozen importlib._bootstrap>", line 1204, in _gcd_import
  File "<frozen importlib._bootstrap>", line 1176, in _find_and_load
  File "<frozen importlib._bootstrap>", line 1140, in _find_and_load_unlocked
ModuleNotFoundError: No module named 'tabulate'

During handling of the above exception, another exception occurred:

Traceback (most recent call last):
  File "d:\KAIM\weak-7\An-intelligent-complaint-analysis-chatbot\rag\run_evaluation.py", line 107, in main
    RAGEvaluator.save_to_markdown(pd.DataFrame(results), output_path)
  File "d:\KAIM\weak-7\An-intelligent-complaint-analysis-chatbot\rag\evaluation.py", line 17, in save_to_markdown
    f.write(df.to_markdown(index=False))
            ^^^^^^^^^^^^^^^^^^^^^^^^^^^
  File "D:\KAIM\weak-7\An-intelligent-complaint-analysis-chatbot\.venv\Lib\site-packages\pandas\util\_decorators.py", line 333, in wrapper
    return func(*args, **kwargs)
           ^^^^^^^^^^^^^^^^^^^^^
  File "D:\KAIM\weak-7\An-intelligent-complaint-analysis-chatbot\.venv\Lib\site-packages\pandas\core\frame.py", line 2994, in to_markdown
    tabulate = import_optional_dependency("tabulate")
               ^^^^^^^^^^^^^^^^^^^^^^^^^^^^^^^^^^^^^^
  File "D:\KAIM\weak-7\An-intelligent-complaint-analysis-chatbot\.venv\Lib\site-packages\pandas\compat\_optional.py", line 138, in import_optional_dependency
    raise ImportError(msg)
ImportError: Missing optional dependency 'tabulate'.  Use pip or conda to install tabulate.
2026-01-05 20:06:08,226 - __main__ - INFO - Initializing RAG pipeline...
2026-01-05 20:06:08,228 - sentence_transformers.SentenceTransformer - INFO - Use pytorch device_name: cpu
2026-01-05 20:06:08,228 - sentence_transformers.SentenceTransformer - INFO - Load pretrained SentenceTransformer: all-MiniLM-L6-v2
2026-01-05 20:06:10,822 - chromadb.telemetry.product.posthog - INFO - Anonymized telemetry enabled. See                     https://docs.trychroma.com/telemetry for more information.
2026-01-05 20:06:10,904 - generator - INFO - Using device: cpu
2026-01-05 20:06:10,904 - generator - INFO - Loading mistralai/Mistral-7B-Instruct-v0.1...
2026-01-05 20:06:20,880 - accelerate.big_modeling - WARNING - Some parameters are on the meta device because they were offloaded to the cpu and disk.
2026-01-05 20:06:20,880 - generator - INFO - Successfully loaded mistralai/Mistral-7B-Instruct-v0.1
2026-01-05 20:06:20,886 - __main__ - INFO - 
Processing question 1/5: What are the most common issues with credit cards?...
2026-01-05 20:06:50,949 - __main__ - WARNING - Question timed out after 30 seconds: What are the most common issues with credit cards?...
2026-01-05 20:06:51,013 - evaluation - ERROR - Error processing question: name 'context' is not defined
2026-01-05 20:06:51,014 - __main__ - INFO - Question processed in 30.1s: What are the most common issues with credit cards?...
2026-01-05 20:06:51,153 - __main__ - INFO - Progress saved. Processed 1/5 questions.
2026-01-05 20:06:51,153 - __main__ - INFO - 
Processing question 2/5: How do customers typically report unauthorized tra...
2026-01-05 20:07:13,017 - evaluation - ERROR - Error processing question: name 'context' is not defined
2026-01-05 20:07:13,017 - __main__ - INFO - Question processed in 21.9s: How do customers typically report unauthorized tra...
2026-01-05 20:07:13,020 - __main__ - INFO - Progress saved. Processed 2/5 questions.
2026-01-05 20:07:13,020 - __main__ - INFO - 
Processing question 3/5: What are customers saying about late payment fees?...
2026-01-05 20:07:41,342 - evaluation - ERROR - Error processing question: name 'context' is not defined
2026-01-05 20:07:41,342 - __main__ - INFO - Question processed in 28.3s: What are customers saying about late payment fees?...
2026-01-05 20:07:41,354 - __main__ - INFO - Progress saved. Processed 3/5 questions.
2026-01-05 20:07:41,354 - __main__ - INFO - 
Processing question 4/5: How do customers describe their experiences with c...
2026-01-05 20:08:06,690 - evaluation - ERROR - Error processing question: name 'context' is not defined
2026-01-05 20:08:06,690 - __main__ - INFO - Question processed in 25.3s: How do customers describe their experiences with c...
2026-01-05 20:08:06,693 - __main__ - INFO - Progress saved. Processed 4/5 questions.
2026-01-05 20:08:06,693 - __main__ - INFO - 
Processing question 5/5: What issues do customers face with credit score re...
2026-01-05 20:08:30,526 - evaluation - ERROR - Error processing question: name 'context' is not defined
2026-01-05 20:08:30,526 - __main__ - INFO - Question processed in 23.8s: What issues do customers face with credit score re...
2026-01-05 20:08:30,532 - __main__ - INFO - Progress saved. Processed 5/5 questions.
2026-01-05 20:08:30,535 - __main__ - INFO - 
Evaluation complete! Results saved to evaluation_results.md
2026-01-05 20:08:30,535 - __main__ - INFO - 
Sample of evaluation results:
2026-01-05 20:08:30,690 - __main__ - INFO - 
                                                             question                                        answer
0                  What are the most common issues with credit cards?  Error: Generation timed out after 30 seconds
1        How do customers typically report unauthorized transactions?          Error: name 'context' is not defined
2                  What are customers saying about late payment fees?          Error: name 'context' is not defined
3  How do customers describe their experiences with customer service?          Error: name 'context' is not defined
4          What issues do customers face with credit score reporting?          Error: name 'context' is not defined
2026-01-05 20:12:34,326 - __main__ - INFO - Initializing RAG pipeline...
2026-01-05 20:12:34,329 - sentence_transformers.SentenceTransformer - INFO - Use pytorch device_name: cpu
2026-01-05 20:12:34,329 - sentence_transformers.SentenceTransformer - INFO - Load pretrained SentenceTransformer: all-MiniLM-L6-v2
2026-01-05 20:12:37,090 - chromadb.telemetry.product.posthog - INFO - Anonymized telemetry enabled. See                     https://docs.trychroma.com/telemetry for more information.
2026-01-05 20:12:37,174 - generator - INFO - Using device: cpu
2026-01-05 20:12:37,174 - generator - INFO - Loading mistralai/Mistral-7B-Instruct-v0.1...
2026-01-05 20:12:50,258 - accelerate.big_modeling - WARNING - Some parameters are on the meta device because they were offloaded to the disk and cpu.
2026-01-05 20:12:50,307 - generator - INFO - Successfully loaded mistralai/Mistral-7B-Instruct-v0.1
2026-01-05 20:12:50,309 - __main__ - INFO - 
Processing question 1/5: What are the most common issues with credit cards?...
2026-01-05 20:13:20,368 - __main__ - WARNING - Question timed out after 30 seconds: What are the most common issues with credit cards?...
2026-01-05 20:13:33,681 - __main__ - INFO - Question processed in 43.4s: What are the most common issues with credit cards?...
2026-01-05 20:13:34,047 - __main__ - INFO - Progress saved. Processed 1/5 questions.
2026-01-05 20:13:34,049 - __main__ - INFO - 
Processing question 2/5: How do customers typically report unauthorized tra...
2026-01-05 20:14:00,242 - __main__ - INFO - Question processed in 26.2s: How do customers typically report unauthorized tra...
2026-01-05 20:14:00,251 - __main__ - INFO - Progress saved. Processed 2/5 questions.
2026-01-05 20:14:00,251 - __main__ - INFO - 
Processing question 3/5: What are customers saying about late payment fees?...
2026-01-05 20:14:27,446 - __main__ - INFO - Question processed in 27.2s: What are customers saying about late payment fees?...
2026-01-05 20:14:27,460 - __main__ - INFO - Progress saved. Processed 3/5 questions.
2026-01-05 20:14:27,460 - __main__ - INFO - 
Processing question 4/5: How do customers describe their experiences with c...
2026-01-05 20:14:52,074 - __main__ - INFO - Question processed in 24.6s: How do customers describe their experiences with c...
2026-01-05 20:14:52,084 - __main__ - INFO - Progress saved. Processed 4/5 questions.
2026-01-05 20:14:52,084 - __main__ - INFO - 
Processing question 5/5: What issues do customers face with credit score re...
2026-01-05 20:15:14,536 - __main__ - INFO - Question processed in 22.5s: What issues do customers face with credit score re...
2026-01-05 20:15:14,548 - __main__ - INFO - Progress saved. Processed 5/5 questions.
2026-01-05 20:15:14,556 - __main__ - INFO - 
Evaluation complete! Results saved to evaluation_results.md
2026-01-05 20:15:14,556 - __main__ - INFO - 
Sample of evaluation results:
2026-01-05 20:15:14,704 - __main__ - INFO - 
                                                             question                                        answer
0                  What are the most common issues with credit cards?  Error: Generation timed out after 30 seconds
1        How do customers typically report unauthorized transactions?                                        Custom
2                  What are customers saying about late payment fees?                                        Custom
3  How do customers describe their experiences with customer service?                                     Customers
4          What issues do customers face with credit score reporting?                                        Custom
